Analysis & Synthesis report for stavka_f
Wed Dec 22 12:20:55 2021
Quartus II 32-bit Version 13.0.1 Build 232 06/12/2013 Service Pack 1 SJ Web Edition


---------------------
; Table of Contents ;
---------------------
  1. Legal Notice
  2. Analysis & Synthesis Summary
  3. Analysis & Synthesis Settings
  4. Parallel Compilation
  5. Analysis & Synthesis Source Files Read
  6. Analysis & Synthesis Resource Usage Summary
  7. Analysis & Synthesis Resource Utilization by Entity
  8. State Machine - |stavka_f|state_reg
  9. General Register Statistics
 10. Multiplexer Restructuring Statistics (Restructuring Performed)
 11. Parameter Settings for User Entity Instance: Top-level Entity: |stavka_f
 12. Parameter Settings for Inferred Entity Instance: lpm_divide:Mod9
 13. Parameter Settings for Inferred Entity Instance: lpm_divide:Mod10
 14. Parameter Settings for Inferred Entity Instance: lpm_divide:Mod3
 15. Parameter Settings for Inferred Entity Instance: lpm_divide:Mod4
 16. Parameter Settings for Inferred Entity Instance: lpm_divide:Mod5
 17. Parameter Settings for Inferred Entity Instance: lpm_divide:Mod6
 18. Parameter Settings for Inferred Entity Instance: lpm_divide:Mod7
 19. Parameter Settings for Inferred Entity Instance: lpm_divide:Mod8
 20. Parameter Settings for Inferred Entity Instance: lpm_divide:Mod1
 21. Parameter Settings for Inferred Entity Instance: lpm_divide:Mod2
 22. Parameter Settings for Inferred Entity Instance: lpm_divide:Div0
 23. Parameter Settings for Inferred Entity Instance: lpm_divide:Div1
 24. Parameter Settings for Inferred Entity Instance: lpm_divide:Mod11
 25. Parameter Settings for Inferred Entity Instance: lpm_divide:Mod12
 26. Parameter Settings for Inferred Entity Instance: lpm_divide:Mod0
 27. Elapsed Time Per Partition
 28. Analysis & Synthesis Messages



----------------
; Legal Notice ;
----------------
Copyright (C) 1991-2013 Altera Corporation
Your use of Altera Corporation's design tools, logic functions 
and other software and tools, and its AMPP partner logic 
functions, and any output files from any of the foregoing 
(including device programming or simulation files), and any 
associated documentation or information are expressly subject 
to the terms and conditions of the Altera Program License 
Subscription Agreement, Altera MegaCore Function License 
Agreement, or other applicable license agreement, including, 
without limitation, that your use is for the sole purpose of 
programming logic devices manufactured by Altera and sold by 
Altera or its authorized distributors.  Please refer to the 
applicable agreement for further details.



+--------------------------------------------------------------------------------------+
; Analysis & Synthesis Summary                                                         ;
+------------------------------------+-------------------------------------------------+
; Analysis & Synthesis Status        ; Successful - Wed Dec 22 12:20:55 2021           ;
; Quartus II 32-bit Version          ; 13.0.1 Build 232 06/12/2013 SP 1 SJ Web Edition ;
; Revision Name                      ; stavka_f                                        ;
; Top-level Entity Name              ; stavka_f                                        ;
; Family                             ; Cyclone III                                     ;
; Total logic elements               ; 497                                             ;
;     Total combinational functions  ; 493                                             ;
;     Dedicated logic registers      ; 90                                              ;
; Total registers                    ; 90                                              ;
; Total pins                         ; 16                                              ;
; Total virtual pins                 ; 0                                               ;
; Total memory bits                  ; 0                                               ;
; Embedded Multiplier 9-bit elements ; 0                                               ;
; Total PLLs                         ; 0                                               ;
+------------------------------------+-------------------------------------------------+


+----------------------------------------------------------------------------------------------------------------------+
; Analysis & Synthesis Settings                                                                                        ;
+----------------------------------------------------------------------------+--------------------+--------------------+
; Option                                                                     ; Setting            ; Default Value      ;
+----------------------------------------------------------------------------+--------------------+--------------------+
; Top-level entity name                                                      ; stavka_f           ; stavka_f           ;
; Family name                                                                ; CycloneIII         ; Cyclone IV GX      ;
; Use smart compilation                                                      ; Off                ; Off                ;
; Enable parallel Assembler and TimeQuest Timing Analyzer during compilation ; On                 ; On                 ;
; Enable compact report table                                                ; Off                ; Off                ;
; Restructure Multiplexers                                                   ; Auto               ; Auto               ;
; Create Debugging Nodes for IP Cores                                        ; Off                ; Off                ;
; Preserve fewer node names                                                  ; On                 ; On                 ;
; Disable OpenCore Plus hardware evaluation                                  ; Off                ; Off                ;
; Verilog Version                                                            ; Verilog_2001       ; Verilog_2001       ;
; VHDL Version                                                               ; VHDL_1993          ; VHDL_1993          ;
; State Machine Processing                                                   ; Auto               ; Auto               ;
; Safe State Machine                                                         ; Off                ; Off                ;
; Extract Verilog State Machines                                             ; On                 ; On                 ;
; Extract VHDL State Machines                                                ; On                 ; On                 ;
; Ignore Verilog initial constructs                                          ; Off                ; Off                ;
; Iteration limit for constant Verilog loops                                 ; 5000               ; 5000               ;
; Iteration limit for non-constant Verilog loops                             ; 250                ; 250                ;
; Add Pass-Through Logic to Inferred RAMs                                    ; On                 ; On                 ;
; Infer RAMs from Raw Logic                                                  ; On                 ; On                 ;
; Parallel Synthesis                                                         ; On                 ; On                 ;
; DSP Block Balancing                                                        ; Auto               ; Auto               ;
; NOT Gate Push-Back                                                         ; On                 ; On                 ;
; Power-Up Don't Care                                                        ; On                 ; On                 ;
; Remove Redundant Logic Cells                                               ; Off                ; Off                ;
; Remove Duplicate Registers                                                 ; On                 ; On                 ;
; Ignore CARRY Buffers                                                       ; Off                ; Off                ;
; Ignore CASCADE Buffers                                                     ; Off                ; Off                ;
; Ignore GLOBAL Buffers                                                      ; Off                ; Off                ;
; Ignore ROW GLOBAL Buffers                                                  ; Off                ; Off                ;
; Ignore LCELL Buffers                                                       ; Off                ; Off                ;
; Ignore SOFT Buffers                                                        ; On                 ; On                 ;
; Limit AHDL Integers to 32 Bits                                             ; Off                ; Off                ;
; Optimization Technique                                                     ; Balanced           ; Balanced           ;
; Carry Chain Length                                                         ; 70                 ; 70                 ;
; Auto Carry Chains                                                          ; On                 ; On                 ;
; Auto Open-Drain Pins                                                       ; On                 ; On                 ;
; Perform WYSIWYG Primitive Resynthesis                                      ; Off                ; Off                ;
; Auto ROM Replacement                                                       ; On                 ; On                 ;
; Auto RAM Replacement                                                       ; On                 ; On                 ;
; Auto DSP Block Replacement                                                 ; On                 ; On                 ;
; Auto Shift Register Replacement                                            ; Auto               ; Auto               ;
; Allow Shift Register Merging across Hierarchies                            ; Auto               ; Auto               ;
; Auto Clock Enable Replacement                                              ; On                 ; On                 ;
; Strict RAM Replacement                                                     ; Off                ; Off                ;
; Allow Synchronous Control Signals                                          ; On                 ; On                 ;
; Force Use of Synchronous Clear Signals                                     ; Off                ; Off                ;
; Auto RAM Block Balancing                                                   ; On                 ; On                 ;
; Auto RAM to Logic Cell Conversion                                          ; Off                ; Off                ;
; Auto Resource Sharing                                                      ; Off                ; Off                ;
; Allow Any RAM Size For Recognition                                         ; Off                ; Off                ;
; Allow Any ROM Size For Recognition                                         ; Off                ; Off                ;
; Allow Any Shift Register Size For Recognition                              ; Off                ; Off                ;
; Use LogicLock Constraints during Resource Balancing                        ; On                 ; On                 ;
; Ignore translate_off and synthesis_off directives                          ; Off                ; Off                ;
; Timing-Driven Synthesis                                                    ; On                 ; On                 ;
; Report Parameter Settings                                                  ; On                 ; On                 ;
; Report Source Assignments                                                  ; On                 ; On                 ;
; Report Connectivity Checks                                                 ; On                 ; On                 ;
; Ignore Maximum Fan-Out Assignments                                         ; Off                ; Off                ;
; Synchronization Register Chain Length                                      ; 2                  ; 2                  ;
; PowerPlay Power Optimization                                               ; Normal compilation ; Normal compilation ;
; HDL message level                                                          ; Level2             ; Level2             ;
; Suppress Register Optimization Related Messages                            ; Off                ; Off                ;
; Number of Removed Registers Reported in Synthesis Report                   ; 5000               ; 5000               ;
; Number of Swept Nodes Reported in Synthesis Report                         ; 5000               ; 5000               ;
; Number of Inverted Registers Reported in Synthesis Report                  ; 100                ; 100                ;
; Clock MUX Protection                                                       ; On                 ; On                 ;
; Auto Gated Clock Conversion                                                ; Off                ; Off                ;
; Block Design Naming                                                        ; Auto               ; Auto               ;
; SDC constraint protection                                                  ; Off                ; Off                ;
; Synthesis Effort                                                           ; Auto               ; Auto               ;
; Shift Register Replacement - Allow Asynchronous Clear Signal               ; On                 ; On                 ;
; Pre-Mapping Resynthesis Optimization                                       ; Off                ; Off                ;
; Analysis & Synthesis Message Level                                         ; Medium             ; Medium             ;
; Disable Register Merging Across Hierarchies                                ; Auto               ; Auto               ;
; Resource Aware Inference For Block RAM                                     ; On                 ; On                 ;
; Synthesis Seed                                                             ; 1                  ; 1                  ;
+----------------------------------------------------------------------------+--------------------+--------------------+


Parallel compilation was disabled, but you have multiple processors available. Enable parallel compilation to reduce compilation time.
+-------------------------------------+
; Parallel Compilation                ;
+----------------------------+--------+
; Processors                 ; Number ;
+----------------------------+--------+
; Number detected on machine ; 4      ;
; Maximum allowed            ; 1      ;
+----------------------------+--------+


+------------------------------------------------------------------------------------------------------------------------------------------------------------------------+
; Analysis & Synthesis Source Files Read                                                                                                                                 ;
+-------------------------------------+-----------------+------------------------------+-----------------------------------------------------------------------+---------+
; File Name with User-Entered Path    ; Used in Netlist ; File Type                    ; File Name with Absolute Path                                          ; Library ;
+-------------------------------------+-----------------+------------------------------+-----------------------------------------------------------------------+---------+
; ../src/synthesis/modules/stavka_f.v ; yes             ; User Verilog HDL File        ; C:/Users/admin/Desktop/Lab2Moj/src/synthesis/modules/stavka_f.v       ;         ;
; ../src/synthesis/modules/stavka_a.v ; yes             ; User Verilog HDL File        ; C:/Users/admin/Desktop/Lab2Moj/src/synthesis/modules/stavka_a.v       ;         ;
; lpm_divide.tdf                      ; yes             ; Megafunction                 ; c:/altera/13.0sp1/quartus/libraries/megafunctions/lpm_divide.tdf      ;         ;
; abs_divider.inc                     ; yes             ; Megafunction                 ; c:/altera/13.0sp1/quartus/libraries/megafunctions/abs_divider.inc     ;         ;
; sign_div_unsign.inc                 ; yes             ; Megafunction                 ; c:/altera/13.0sp1/quartus/libraries/megafunctions/sign_div_unsign.inc ;         ;
; aglobal130.inc                      ; yes             ; Megafunction                 ; c:/altera/13.0sp1/quartus/libraries/megafunctions/aglobal130.inc      ;         ;
; db/lpm_divide_98m.tdf               ; yes             ; Auto-Generated Megafunction  ; C:/Users/admin/Desktop/Lab2Moj/tooling/db/lpm_divide_98m.tdf          ;         ;
; db/sign_div_unsign_7kh.tdf          ; yes             ; Auto-Generated Megafunction  ; C:/Users/admin/Desktop/Lab2Moj/tooling/db/sign_div_unsign_7kh.tdf     ;         ;
; db/alt_u_div_p2f.tdf                ; yes             ; Auto-Generated Megafunction  ; C:/Users/admin/Desktop/Lab2Moj/tooling/db/alt_u_div_p2f.tdf           ;         ;
; db/add_sub_unc.tdf                  ; yes             ; Auto-Generated Megafunction  ; C:/Users/admin/Desktop/Lab2Moj/tooling/db/add_sub_unc.tdf             ;         ;
; db/add_sub_vnc.tdf                  ; yes             ; Auto-Generated Megafunction  ; C:/Users/admin/Desktop/Lab2Moj/tooling/db/add_sub_vnc.tdf             ;         ;
; db/lpm_divide_88m.tdf               ; yes             ; Auto-Generated Megafunction  ; C:/Users/admin/Desktop/Lab2Moj/tooling/db/lpm_divide_88m.tdf          ;         ;
; db/sign_div_unsign_6kh.tdf          ; yes             ; Auto-Generated Megafunction  ; C:/Users/admin/Desktop/Lab2Moj/tooling/db/sign_div_unsign_6kh.tdf     ;         ;
; db/alt_u_div_n2f.tdf                ; yes             ; Auto-Generated Megafunction  ; C:/Users/admin/Desktop/Lab2Moj/tooling/db/alt_u_div_n2f.tdf           ;         ;
; db/lpm_divide_78m.tdf               ; yes             ; Auto-Generated Megafunction  ; C:/Users/admin/Desktop/Lab2Moj/tooling/db/lpm_divide_78m.tdf          ;         ;
; db/sign_div_unsign_5kh.tdf          ; yes             ; Auto-Generated Megafunction  ; C:/Users/admin/Desktop/Lab2Moj/tooling/db/sign_div_unsign_5kh.tdf     ;         ;
; db/alt_u_div_l2f.tdf                ; yes             ; Auto-Generated Megafunction  ; C:/Users/admin/Desktop/Lab2Moj/tooling/db/alt_u_div_l2f.tdf           ;         ;
; db/lpm_divide_6gm.tdf               ; yes             ; Auto-Generated Megafunction  ; C:/Users/admin/Desktop/Lab2Moj/tooling/db/lpm_divide_6gm.tdf          ;         ;
+-------------------------------------+-----------------+------------------------------+-----------------------------------------------------------------------+---------+


+---------------------------------------------------------+
; Analysis & Synthesis Resource Usage Summary             ;
+---------------------------------------------+-----------+
; Resource                                    ; Usage     ;
+---------------------------------------------+-----------+
; Estimated Total logic elements              ; 497       ;
;                                             ;           ;
; Total combinational functions               ; 493       ;
; Logic element usage by number of LUT inputs ;           ;
;     -- 4 input functions                    ; 170       ;
;     -- 3 input functions                    ; 109       ;
;     -- <=2 input functions                  ; 214       ;
;                                             ;           ;
; Logic elements by mode                      ;           ;
;     -- normal mode                          ; 339       ;
;     -- arithmetic mode                      ; 154       ;
;                                             ;           ;
; Total registers                             ; 90        ;
;     -- Dedicated logic registers            ; 90        ;
;     -- I/O registers                        ; 0         ;
;                                             ;           ;
; I/O pins                                    ; 16        ;
; Embedded Multiplier 9-bit elements          ; 0         ;
; Maximum fan-out node                        ; clk~input ;
; Maximum fan-out                             ; 90        ;
; Total fan-out                               ; 1752      ;
; Average fan-out                             ; 2.85      ;
+---------------------------------------------+-----------+


+-----------------------------------------------------------------------------------------------------------------------------------------------------------------------------------------------------------------------------------------------------------------------------------------------------+
; Analysis & Synthesis Resource Utilization by Entity                                                                                                                                                                                                                                                 ;
+----------------------------------------+-------------------+--------------+-------------+--------------+---------+-----------+------+--------------+---------------------------------------------------------------------------------------------------------------------------------+--------------+
; Compilation Hierarchy Node             ; LC Combinationals ; LC Registers ; Memory Bits ; DSP Elements ; DSP 9x9 ; DSP 18x18 ; Pins ; Virtual Pins ; Full Hierarchy Name                                                                                                             ; Library Name ;
+----------------------------------------+-------------------+--------------+-------------+--------------+---------+-----------+------+--------------+---------------------------------------------------------------------------------------------------------------------------------+--------------+
; |stavka_f                              ; 493 (295)         ; 90 (86)      ; 0           ; 0            ; 0       ; 0         ; 16   ; 0            ; |stavka_f                                                                                                                       ; work         ;
;    |lpm_divide:Div0|                   ; 18 (0)            ; 0 (0)        ; 0           ; 0            ; 0       ; 0         ; 0    ; 0            ; |stavka_f|lpm_divide:Div0                                                                                                       ; work         ;
;       |lpm_divide_6gm:auto_generated|  ; 18 (0)            ; 0 (0)        ; 0           ; 0            ; 0       ; 0         ; 0    ; 0            ; |stavka_f|lpm_divide:Div0|lpm_divide_6gm:auto_generated                                                                         ; work         ;
;          |sign_div_unsign_7kh:divider| ; 18 (0)            ; 0 (0)        ; 0           ; 0            ; 0       ; 0         ; 0    ; 0            ; |stavka_f|lpm_divide:Div0|lpm_divide_6gm:auto_generated|sign_div_unsign_7kh:divider                                             ; work         ;
;             |alt_u_div_p2f:divider|    ; 18 (16)           ; 0 (0)        ; 0           ; 0            ; 0       ; 0         ; 0    ; 0            ; |stavka_f|lpm_divide:Div0|lpm_divide_6gm:auto_generated|sign_div_unsign_7kh:divider|alt_u_div_p2f:divider                       ; work         ;
;                |add_sub_vnc:add_sub_1| ; 2 (2)             ; 0 (0)        ; 0           ; 0            ; 0       ; 0         ; 0    ; 0            ; |stavka_f|lpm_divide:Div0|lpm_divide_6gm:auto_generated|sign_div_unsign_7kh:divider|alt_u_div_p2f:divider|add_sub_vnc:add_sub_1 ; work         ;
;    |lpm_divide:Div1|                   ; 17 (0)            ; 0 (0)        ; 0           ; 0            ; 0       ; 0         ; 0    ; 0            ; |stavka_f|lpm_divide:Div1                                                                                                       ; work         ;
;       |lpm_divide_6gm:auto_generated|  ; 17 (0)            ; 0 (0)        ; 0           ; 0            ; 0       ; 0         ; 0    ; 0            ; |stavka_f|lpm_divide:Div1|lpm_divide_6gm:auto_generated                                                                         ; work         ;
;          |sign_div_unsign_7kh:divider| ; 17 (0)            ; 0 (0)        ; 0           ; 0            ; 0       ; 0         ; 0    ; 0            ; |stavka_f|lpm_divide:Div1|lpm_divide_6gm:auto_generated|sign_div_unsign_7kh:divider                                             ; work         ;
;             |alt_u_div_p2f:divider|    ; 17 (15)           ; 0 (0)        ; 0           ; 0            ; 0       ; 0         ; 0    ; 0            ; |stavka_f|lpm_divide:Div1|lpm_divide_6gm:auto_generated|sign_div_unsign_7kh:divider|alt_u_div_p2f:divider                       ; work         ;
;                |add_sub_vnc:add_sub_1| ; 2 (2)             ; 0 (0)        ; 0           ; 0            ; 0       ; 0         ; 0    ; 0            ; |stavka_f|lpm_divide:Div1|lpm_divide_6gm:auto_generated|sign_div_unsign_7kh:divider|alt_u_div_p2f:divider|add_sub_vnc:add_sub_1 ; work         ;
;    |lpm_divide:Mod0|                   ; 7 (0)             ; 0 (0)        ; 0           ; 0            ; 0       ; 0         ; 0    ; 0            ; |stavka_f|lpm_divide:Mod0                                                                                                       ; work         ;
;       |lpm_divide_98m:auto_generated|  ; 7 (0)             ; 0 (0)        ; 0           ; 0            ; 0       ; 0         ; 0    ; 0            ; |stavka_f|lpm_divide:Mod0|lpm_divide_98m:auto_generated                                                                         ; work         ;
;          |sign_div_unsign_7kh:divider| ; 7 (0)             ; 0 (0)        ; 0           ; 0            ; 0       ; 0         ; 0    ; 0            ; |stavka_f|lpm_divide:Mod0|lpm_divide_98m:auto_generated|sign_div_unsign_7kh:divider                                             ; work         ;
;             |alt_u_div_p2f:divider|    ; 7 (7)             ; 0 (0)        ; 0           ; 0            ; 0       ; 0         ; 0    ; 0            ; |stavka_f|lpm_divide:Mod0|lpm_divide_98m:auto_generated|sign_div_unsign_7kh:divider|alt_u_div_p2f:divider                       ; work         ;
;    |lpm_divide:Mod10|                  ; 5 (0)             ; 0 (0)        ; 0           ; 0            ; 0       ; 0         ; 0    ; 0            ; |stavka_f|lpm_divide:Mod10                                                                                                      ; work         ;
;       |lpm_divide_98m:auto_generated|  ; 5 (0)             ; 0 (0)        ; 0           ; 0            ; 0       ; 0         ; 0    ; 0            ; |stavka_f|lpm_divide:Mod10|lpm_divide_98m:auto_generated                                                                        ; work         ;
;          |sign_div_unsign_7kh:divider| ; 5 (0)             ; 0 (0)        ; 0           ; 0            ; 0       ; 0         ; 0    ; 0            ; |stavka_f|lpm_divide:Mod10|lpm_divide_98m:auto_generated|sign_div_unsign_7kh:divider                                            ; work         ;
;             |alt_u_div_p2f:divider|    ; 5 (5)             ; 0 (0)        ; 0           ; 0            ; 0       ; 0         ; 0    ; 0            ; |stavka_f|lpm_divide:Mod10|lpm_divide_98m:auto_generated|sign_div_unsign_7kh:divider|alt_u_div_p2f:divider                      ; work         ;
;    |lpm_divide:Mod11|                  ; 17 (0)            ; 0 (0)        ; 0           ; 0            ; 0       ; 0         ; 0    ; 0            ; |stavka_f|lpm_divide:Mod11                                                                                                      ; work         ;
;       |lpm_divide_98m:auto_generated|  ; 17 (0)            ; 0 (0)        ; 0           ; 0            ; 0       ; 0         ; 0    ; 0            ; |stavka_f|lpm_divide:Mod11|lpm_divide_98m:auto_generated                                                                        ; work         ;
;          |sign_div_unsign_7kh:divider| ; 17 (0)            ; 0 (0)        ; 0           ; 0            ; 0       ; 0         ; 0    ; 0            ; |stavka_f|lpm_divide:Mod11|lpm_divide_98m:auto_generated|sign_div_unsign_7kh:divider                                            ; work         ;
;             |alt_u_div_p2f:divider|    ; 17 (17)           ; 0 (0)        ; 0           ; 0            ; 0       ; 0         ; 0    ; 0            ; |stavka_f|lpm_divide:Mod11|lpm_divide_98m:auto_generated|sign_div_unsign_7kh:divider|alt_u_div_p2f:divider                      ; work         ;
;    |lpm_divide:Mod12|                  ; 14 (0)            ; 0 (0)        ; 0           ; 0            ; 0       ; 0         ; 0    ; 0            ; |stavka_f|lpm_divide:Mod12                                                                                                      ; work         ;
;       |lpm_divide_98m:auto_generated|  ; 14 (0)            ; 0 (0)        ; 0           ; 0            ; 0       ; 0         ; 0    ; 0            ; |stavka_f|lpm_divide:Mod12|lpm_divide_98m:auto_generated                                                                        ; work         ;
;          |sign_div_unsign_7kh:divider| ; 14 (0)            ; 0 (0)        ; 0           ; 0            ; 0       ; 0         ; 0    ; 0            ; |stavka_f|lpm_divide:Mod12|lpm_divide_98m:auto_generated|sign_div_unsign_7kh:divider                                            ; work         ;
;             |alt_u_div_p2f:divider|    ; 14 (14)           ; 0 (0)        ; 0           ; 0            ; 0       ; 0         ; 0    ; 0            ; |stavka_f|lpm_divide:Mod12|lpm_divide_98m:auto_generated|sign_div_unsign_7kh:divider|alt_u_div_p2f:divider                      ; work         ;
;    |lpm_divide:Mod1|                   ; 14 (0)            ; 0 (0)        ; 0           ; 0            ; 0       ; 0         ; 0    ; 0            ; |stavka_f|lpm_divide:Mod1                                                                                                       ; work         ;
;       |lpm_divide_78m:auto_generated|  ; 14 (0)            ; 0 (0)        ; 0           ; 0            ; 0       ; 0         ; 0    ; 0            ; |stavka_f|lpm_divide:Mod1|lpm_divide_78m:auto_generated                                                                         ; work         ;
;          |sign_div_unsign_5kh:divider| ; 14 (0)            ; 0 (0)        ; 0           ; 0            ; 0       ; 0         ; 0    ; 0            ; |stavka_f|lpm_divide:Mod1|lpm_divide_78m:auto_generated|sign_div_unsign_5kh:divider                                             ; work         ;
;             |alt_u_div_l2f:divider|    ; 14 (14)           ; 0 (0)        ; 0           ; 0            ; 0       ; 0         ; 0    ; 0            ; |stavka_f|lpm_divide:Mod1|lpm_divide_78m:auto_generated|sign_div_unsign_5kh:divider|alt_u_div_l2f:divider                       ; work         ;
;    |lpm_divide:Mod2|                   ; 14 (0)            ; 0 (0)        ; 0           ; 0            ; 0       ; 0         ; 0    ; 0            ; |stavka_f|lpm_divide:Mod2                                                                                                       ; work         ;
;       |lpm_divide_78m:auto_generated|  ; 14 (0)            ; 0 (0)        ; 0           ; 0            ; 0       ; 0         ; 0    ; 0            ; |stavka_f|lpm_divide:Mod2|lpm_divide_78m:auto_generated                                                                         ; work         ;
;          |sign_div_unsign_5kh:divider| ; 14 (0)            ; 0 (0)        ; 0           ; 0            ; 0       ; 0         ; 0    ; 0            ; |stavka_f|lpm_divide:Mod2|lpm_divide_78m:auto_generated|sign_div_unsign_5kh:divider                                             ; work         ;
;             |alt_u_div_l2f:divider|    ; 14 (14)           ; 0 (0)        ; 0           ; 0            ; 0       ; 0         ; 0    ; 0            ; |stavka_f|lpm_divide:Mod2|lpm_divide_78m:auto_generated|sign_div_unsign_5kh:divider|alt_u_div_l2f:divider                       ; work         ;
;    |lpm_divide:Mod3|                   ; 15 (0)            ; 0 (0)        ; 0           ; 0            ; 0       ; 0         ; 0    ; 0            ; |stavka_f|lpm_divide:Mod3                                                                                                       ; work         ;
;       |lpm_divide_88m:auto_generated|  ; 15 (0)            ; 0 (0)        ; 0           ; 0            ; 0       ; 0         ; 0    ; 0            ; |stavka_f|lpm_divide:Mod3|lpm_divide_88m:auto_generated                                                                         ; work         ;
;          |sign_div_unsign_6kh:divider| ; 15 (0)            ; 0 (0)        ; 0           ; 0            ; 0       ; 0         ; 0    ; 0            ; |stavka_f|lpm_divide:Mod3|lpm_divide_88m:auto_generated|sign_div_unsign_6kh:divider                                             ; work         ;
;             |alt_u_div_n2f:divider|    ; 15 (15)           ; 0 (0)        ; 0           ; 0            ; 0       ; 0         ; 0    ; 0            ; |stavka_f|lpm_divide:Mod3|lpm_divide_88m:auto_generated|sign_div_unsign_6kh:divider|alt_u_div_n2f:divider                       ; work         ;
;    |lpm_divide:Mod4|                   ; 15 (0)            ; 0 (0)        ; 0           ; 0            ; 0       ; 0         ; 0    ; 0            ; |stavka_f|lpm_divide:Mod4                                                                                                       ; work         ;
;       |lpm_divide_88m:auto_generated|  ; 15 (0)            ; 0 (0)        ; 0           ; 0            ; 0       ; 0         ; 0    ; 0            ; |stavka_f|lpm_divide:Mod4|lpm_divide_88m:auto_generated                                                                         ; work         ;
;          |sign_div_unsign_6kh:divider| ; 15 (0)            ; 0 (0)        ; 0           ; 0            ; 0       ; 0         ; 0    ; 0            ; |stavka_f|lpm_divide:Mod4|lpm_divide_88m:auto_generated|sign_div_unsign_6kh:divider                                             ; work         ;
;             |alt_u_div_n2f:divider|    ; 15 (15)           ; 0 (0)        ; 0           ; 0            ; 0       ; 0         ; 0    ; 0            ; |stavka_f|lpm_divide:Mod4|lpm_divide_88m:auto_generated|sign_div_unsign_6kh:divider|alt_u_div_n2f:divider                       ; work         ;
;    |lpm_divide:Mod5|                   ; 13 (0)            ; 0 (0)        ; 0           ; 0            ; 0       ; 0         ; 0    ; 0            ; |stavka_f|lpm_divide:Mod5                                                                                                       ; work         ;
;       |lpm_divide_88m:auto_generated|  ; 13 (0)            ; 0 (0)        ; 0           ; 0            ; 0       ; 0         ; 0    ; 0            ; |stavka_f|lpm_divide:Mod5|lpm_divide_88m:auto_generated                                                                         ; work         ;
;          |sign_div_unsign_6kh:divider| ; 13 (0)            ; 0 (0)        ; 0           ; 0            ; 0       ; 0         ; 0    ; 0            ; |stavka_f|lpm_divide:Mod5|lpm_divide_88m:auto_generated|sign_div_unsign_6kh:divider                                             ; work         ;
;             |alt_u_div_n2f:divider|    ; 13 (13)           ; 0 (0)        ; 0           ; 0            ; 0       ; 0         ; 0    ; 0            ; |stavka_f|lpm_divide:Mod5|lpm_divide_88m:auto_generated|sign_div_unsign_6kh:divider|alt_u_div_n2f:divider                       ; work         ;
;    |lpm_divide:Mod6|                   ; 13 (0)            ; 0 (0)        ; 0           ; 0            ; 0       ; 0         ; 0    ; 0            ; |stavka_f|lpm_divide:Mod6                                                                                                       ; work         ;
;       |lpm_divide_88m:auto_generated|  ; 13 (0)            ; 0 (0)        ; 0           ; 0            ; 0       ; 0         ; 0    ; 0            ; |stavka_f|lpm_divide:Mod6|lpm_divide_88m:auto_generated                                                                         ; work         ;
;          |sign_div_unsign_6kh:divider| ; 13 (0)            ; 0 (0)        ; 0           ; 0            ; 0       ; 0         ; 0    ; 0            ; |stavka_f|lpm_divide:Mod6|lpm_divide_88m:auto_generated|sign_div_unsign_6kh:divider                                             ; work         ;
;             |alt_u_div_n2f:divider|    ; 13 (13)           ; 0 (0)        ; 0           ; 0            ; 0       ; 0         ; 0    ; 0            ; |stavka_f|lpm_divide:Mod6|lpm_divide_88m:auto_generated|sign_div_unsign_6kh:divider|alt_u_div_n2f:divider                       ; work         ;
;    |lpm_divide:Mod7|                   ; 15 (0)            ; 0 (0)        ; 0           ; 0            ; 0       ; 0         ; 0    ; 0            ; |stavka_f|lpm_divide:Mod7                                                                                                       ; work         ;
;       |lpm_divide_88m:auto_generated|  ; 15 (0)            ; 0 (0)        ; 0           ; 0            ; 0       ; 0         ; 0    ; 0            ; |stavka_f|lpm_divide:Mod7|lpm_divide_88m:auto_generated                                                                         ; work         ;
;          |sign_div_unsign_6kh:divider| ; 15 (0)            ; 0 (0)        ; 0           ; 0            ; 0       ; 0         ; 0    ; 0            ; |stavka_f|lpm_divide:Mod7|lpm_divide_88m:auto_generated|sign_div_unsign_6kh:divider                                             ; work         ;
;             |alt_u_div_n2f:divider|    ; 15 (15)           ; 0 (0)        ; 0           ; 0            ; 0       ; 0         ; 0    ; 0            ; |stavka_f|lpm_divide:Mod7|lpm_divide_88m:auto_generated|sign_div_unsign_6kh:divider|alt_u_div_n2f:divider                       ; work         ;
;    |lpm_divide:Mod8|                   ; 15 (0)            ; 0 (0)        ; 0           ; 0            ; 0       ; 0         ; 0    ; 0            ; |stavka_f|lpm_divide:Mod8                                                                                                       ; work         ;
;       |lpm_divide_88m:auto_generated|  ; 15 (0)            ; 0 (0)        ; 0           ; 0            ; 0       ; 0         ; 0    ; 0            ; |stavka_f|lpm_divide:Mod8|lpm_divide_88m:auto_generated                                                                         ; work         ;
;          |sign_div_unsign_6kh:divider| ; 15 (0)            ; 0 (0)        ; 0           ; 0            ; 0       ; 0         ; 0    ; 0            ; |stavka_f|lpm_divide:Mod8|lpm_divide_88m:auto_generated|sign_div_unsign_6kh:divider                                             ; work         ;
;             |alt_u_div_n2f:divider|    ; 15 (15)           ; 0 (0)        ; 0           ; 0            ; 0       ; 0         ; 0    ; 0            ; |stavka_f|lpm_divide:Mod8|lpm_divide_88m:auto_generated|sign_div_unsign_6kh:divider|alt_u_div_n2f:divider                       ; work         ;
;    |lpm_divide:Mod9|                   ; 5 (0)             ; 0 (0)        ; 0           ; 0            ; 0       ; 0         ; 0    ; 0            ; |stavka_f|lpm_divide:Mod9                                                                                                       ; work         ;
;       |lpm_divide_98m:auto_generated|  ; 5 (0)             ; 0 (0)        ; 0           ; 0            ; 0       ; 0         ; 0    ; 0            ; |stavka_f|lpm_divide:Mod9|lpm_divide_98m:auto_generated                                                                         ; work         ;
;          |sign_div_unsign_7kh:divider| ; 5 (0)             ; 0 (0)        ; 0           ; 0            ; 0       ; 0         ; 0    ; 0            ; |stavka_f|lpm_divide:Mod9|lpm_divide_98m:auto_generated|sign_div_unsign_7kh:divider                                             ; work         ;
;             |alt_u_div_p2f:divider|    ; 5 (5)             ; 0 (0)        ; 0           ; 0            ; 0       ; 0         ; 0    ; 0            ; |stavka_f|lpm_divide:Mod9|lpm_divide_98m:auto_generated|sign_div_unsign_7kh:divider|alt_u_div_p2f:divider                       ; work         ;
;    |stavka_a:a0|                       ; 0 (0)             ; 2 (2)        ; 0           ; 0            ; 0       ; 0         ; 0    ; 0            ; |stavka_f|stavka_a:a0                                                                                                           ; work         ;
;    |stavka_a:a1|                       ; 1 (1)             ; 2 (2)        ; 0           ; 0            ; 0       ; 0         ; 0    ; 0            ; |stavka_f|stavka_a:a1                                                                                                           ; work         ;
+----------------------------------------+-------------------+--------------+-------------+--------------+---------+-----------+------+--------------+---------------------------------------------------------------------------------------------------------------------------------+--------------+
Note: For table entries with two numbers listed, the numbers in parentheses indicate the number of resources of the given type used by the specific entity alone. The numbers listed outside of parentheses indicate the total resources of the given type used by the specific entity and all of its sub-entities in the hierarchy.


Encoding Type:  One-Hot
+---------------------------------------------------------------------+
; State Machine - |stavka_f|state_reg                                 ;
+-----------------+-----------------+-----------------+---------------+
; Name            ; state_reg.setup ; state_reg.timer ; state_reg.gcd ;
+-----------------+-----------------+-----------------+---------------+
; state_reg.setup ; 0               ; 0               ; 0             ;
; state_reg.gcd   ; 1               ; 0               ; 1             ;
; state_reg.timer ; 1               ; 1               ; 0             ;
+-----------------+-----------------+-----------------+---------------+


+------------------------------------------------------+
; General Register Statistics                          ;
+----------------------------------------------+-------+
; Statistic                                    ; Value ;
+----------------------------------------------+-------+
; Total registers                              ; 90    ;
; Number of registers using Synchronous Clear  ; 0     ;
; Number of registers using Synchronous Load   ; 3     ;
; Number of registers using Asynchronous Clear ; 90    ;
; Number of registers using Asynchronous Load  ; 0     ;
; Number of registers using Clock Enable       ; 75    ;
; Number of registers using Preset             ; 0     ;
+----------------------------------------------+-------+


+------------------------------------------------------------------------------------------------------------------------------------------+
; Multiplexer Restructuring Statistics (Restructuring Performed)                                                                           ;
+--------------------+-----------+---------------+----------------------+------------------------+------------+----------------------------+
; Multiplexer Inputs ; Bus Width ; Baseline Area ; Area if Restructured ; Saving if Restructured ; Registered ; Example Multiplexer Output ;
+--------------------+-----------+---------------+----------------------+------------------------+------------+----------------------------+
; 3:1                ; 8 bits    ; 16 LEs        ; 8 LEs                ; 8 LEs                  ; Yes        ; |stavka_f|add_timer_reg[2] ;
; 3:1                ; 4 bits    ; 8 LEs         ; 4 LEs                ; 4 LEs                  ; Yes        ; |stavka_f|gcd_reg[3]       ;
; 5:1                ; 7 bits    ; 21 LEs        ; 14 LEs               ; 7 LEs                  ; Yes        ; |stavka_f|data_out_reg[3]  ;
; 3:1                ; 4 bits    ; 8 LEs         ; 4 LEs                ; 4 LEs                  ; No         ; |stavka_f|data_next        ;
; 3:1                ; 4 bits    ; 8 LEs         ; 4 LEs                ; 4 LEs                  ; No         ; |stavka_f|data_next        ;
; 6:1                ; 2 bits    ; 8 LEs         ; 4 LEs                ; 4 LEs                  ; No         ; |stavka_f|Selector1        ;
; 8:1                ; 2 bits    ; 10 LEs        ; 10 LEs               ; 0 LEs                  ; No         ; |stavka_f|gcd_next         ;
+--------------------+-----------+---------------+----------------------+------------------------+------------+----------------------------+


+--------------------------------------------------------------------------+
; Parameter Settings for User Entity Instance: Top-level Entity: |stavka_f ;
+----------------+----------+----------------------------------------------+
; Parameter Name ; Value    ; Type                                         ;
+----------------+----------+----------------------------------------------+
; NUM            ; 50000000 ; Signed Integer                               ;
+----------------+----------+----------------------------------------------+
Note: In order to hide this table in the UI and the text report file, please set the "Show Parameter Settings in Synthesis Report" option in "Analysis and Synthesis Settings -> More Settings" to "Off".


+------------------------------------------------------------------+
; Parameter Settings for Inferred Entity Instance: lpm_divide:Mod9 ;
+------------------------+----------------+------------------------+
; Parameter Name         ; Value          ; Type                   ;
+------------------------+----------------+------------------------+
; LPM_WIDTHN             ; 4              ; Untyped                ;
; LPM_WIDTHD             ; 4              ; Untyped                ;
; LPM_NREPRESENTATION    ; UNSIGNED       ; Untyped                ;
; LPM_DREPRESENTATION    ; UNSIGNED       ; Untyped                ;
; LPM_PIPELINE           ; 0              ; Untyped                ;
; LPM_REMAINDERPOSITIVE  ; TRUE           ; Untyped                ;
; MAXIMIZE_SPEED         ; 5              ; Untyped                ;
; CBXI_PARAMETER         ; lpm_divide_98m ; Untyped                ;
; CARRY_CHAIN            ; MANUAL         ; Untyped                ;
; OPTIMIZE_FOR_SPEED     ; 5              ; Untyped                ;
; AUTO_CARRY_CHAINS      ; ON             ; AUTO_CARRY             ;
; IGNORE_CARRY_BUFFERS   ; OFF            ; IGNORE_CARRY           ;
; AUTO_CASCADE_CHAINS    ; ON             ; AUTO_CASCADE           ;
; IGNORE_CASCADE_BUFFERS ; OFF            ; IGNORE_CASCADE         ;
+------------------------+----------------+------------------------+
Note: In order to hide this table in the UI and the text report file, please set the "Show Parameter Settings in Synthesis Report" option in "Analysis and Synthesis Settings -> More Settings" to "Off".


+-------------------------------------------------------------------+
; Parameter Settings for Inferred Entity Instance: lpm_divide:Mod10 ;
+------------------------+----------------+-------------------------+
; Parameter Name         ; Value          ; Type                    ;
+------------------------+----------------+-------------------------+
; LPM_WIDTHN             ; 4              ; Untyped                 ;
; LPM_WIDTHD             ; 4              ; Untyped                 ;
; LPM_NREPRESENTATION    ; UNSIGNED       ; Untyped                 ;
; LPM_DREPRESENTATION    ; UNSIGNED       ; Untyped                 ;
; LPM_PIPELINE           ; 0              ; Untyped                 ;
; LPM_REMAINDERPOSITIVE  ; TRUE           ; Untyped                 ;
; MAXIMIZE_SPEED         ; 5              ; Untyped                 ;
; CBXI_PARAMETER         ; lpm_divide_98m ; Untyped                 ;
; CARRY_CHAIN            ; MANUAL         ; Untyped                 ;
; OPTIMIZE_FOR_SPEED     ; 5              ; Untyped                 ;
; AUTO_CARRY_CHAINS      ; ON             ; AUTO_CARRY              ;
; IGNORE_CARRY_BUFFERS   ; OFF            ; IGNORE_CARRY            ;
; AUTO_CASCADE_CHAINS    ; ON             ; AUTO_CASCADE            ;
; IGNORE_CASCADE_BUFFERS ; OFF            ; IGNORE_CASCADE          ;
+------------------------+----------------+-------------------------+
Note: In order to hide this table in the UI and the text report file, please set the "Show Parameter Settings in Synthesis Report" option in "Analysis and Synthesis Settings -> More Settings" to "Off".


+------------------------------------------------------------------+
; Parameter Settings for Inferred Entity Instance: lpm_divide:Mod3 ;
+------------------------+----------------+------------------------+
; Parameter Name         ; Value          ; Type                   ;
+------------------------+----------------+------------------------+
; LPM_WIDTHN             ; 4              ; Untyped                ;
; LPM_WIDTHD             ; 3              ; Untyped                ;
; LPM_NREPRESENTATION    ; UNSIGNED       ; Untyped                ;
; LPM_DREPRESENTATION    ; UNSIGNED       ; Untyped                ;
; LPM_PIPELINE           ; 0              ; Untyped                ;
; LPM_REMAINDERPOSITIVE  ; TRUE           ; Untyped                ;
; MAXIMIZE_SPEED         ; 5              ; Untyped                ;
; CBXI_PARAMETER         ; lpm_divide_88m ; Untyped                ;
; CARRY_CHAIN            ; MANUAL         ; Untyped                ;
; OPTIMIZE_FOR_SPEED     ; 5              ; Untyped                ;
; AUTO_CARRY_CHAINS      ; ON             ; AUTO_CARRY             ;
; IGNORE_CARRY_BUFFERS   ; OFF            ; IGNORE_CARRY           ;
; AUTO_CASCADE_CHAINS    ; ON             ; AUTO_CASCADE           ;
; IGNORE_CASCADE_BUFFERS ; OFF            ; IGNORE_CASCADE         ;
+------------------------+----------------+------------------------+
Note: In order to hide this table in the UI and the text report file, please set the "Show Parameter Settings in Synthesis Report" option in "Analysis and Synthesis Settings -> More Settings" to "Off".


+------------------------------------------------------------------+
; Parameter Settings for Inferred Entity Instance: lpm_divide:Mod4 ;
+------------------------+----------------+------------------------+
; Parameter Name         ; Value          ; Type                   ;
+------------------------+----------------+------------------------+
; LPM_WIDTHN             ; 4              ; Untyped                ;
; LPM_WIDTHD             ; 3              ; Untyped                ;
; LPM_NREPRESENTATION    ; UNSIGNED       ; Untyped                ;
; LPM_DREPRESENTATION    ; UNSIGNED       ; Untyped                ;
; LPM_PIPELINE           ; 0              ; Untyped                ;
; LPM_REMAINDERPOSITIVE  ; TRUE           ; Untyped                ;
; MAXIMIZE_SPEED         ; 5              ; Untyped                ;
; CBXI_PARAMETER         ; lpm_divide_88m ; Untyped                ;
; CARRY_CHAIN            ; MANUAL         ; Untyped                ;
; OPTIMIZE_FOR_SPEED     ; 5              ; Untyped                ;
; AUTO_CARRY_CHAINS      ; ON             ; AUTO_CARRY             ;
; IGNORE_CARRY_BUFFERS   ; OFF            ; IGNORE_CARRY           ;
; AUTO_CASCADE_CHAINS    ; ON             ; AUTO_CASCADE           ;
; IGNORE_CASCADE_BUFFERS ; OFF            ; IGNORE_CASCADE         ;
+------------------------+----------------+------------------------+
Note: In order to hide this table in the UI and the text report file, please set the "Show Parameter Settings in Synthesis Report" option in "Analysis and Synthesis Settings -> More Settings" to "Off".


+------------------------------------------------------------------+
; Parameter Settings for Inferred Entity Instance: lpm_divide:Mod5 ;
+------------------------+----------------+------------------------+
; Parameter Name         ; Value          ; Type                   ;
+------------------------+----------------+------------------------+
; LPM_WIDTHN             ; 4              ; Untyped                ;
; LPM_WIDTHD             ; 3              ; Untyped                ;
; LPM_NREPRESENTATION    ; UNSIGNED       ; Untyped                ;
; LPM_DREPRESENTATION    ; UNSIGNED       ; Untyped                ;
; LPM_PIPELINE           ; 0              ; Untyped                ;
; LPM_REMAINDERPOSITIVE  ; TRUE           ; Untyped                ;
; MAXIMIZE_SPEED         ; 5              ; Untyped                ;
; CBXI_PARAMETER         ; lpm_divide_88m ; Untyped                ;
; CARRY_CHAIN            ; MANUAL         ; Untyped                ;
; OPTIMIZE_FOR_SPEED     ; 5              ; Untyped                ;
; AUTO_CARRY_CHAINS      ; ON             ; AUTO_CARRY             ;
; IGNORE_CARRY_BUFFERS   ; OFF            ; IGNORE_CARRY           ;
; AUTO_CASCADE_CHAINS    ; ON             ; AUTO_CASCADE           ;
; IGNORE_CASCADE_BUFFERS ; OFF            ; IGNORE_CASCADE         ;
+------------------------+----------------+------------------------+
Note: In order to hide this table in the UI and the text report file, please set the "Show Parameter Settings in Synthesis Report" option in "Analysis and Synthesis Settings -> More Settings" to "Off".


+------------------------------------------------------------------+
; Parameter Settings for Inferred Entity Instance: lpm_divide:Mod6 ;
+------------------------+----------------+------------------------+
; Parameter Name         ; Value          ; Type                   ;
+------------------------+----------------+------------------------+
; LPM_WIDTHN             ; 4              ; Untyped                ;
; LPM_WIDTHD             ; 3              ; Untyped                ;
; LPM_NREPRESENTATION    ; UNSIGNED       ; Untyped                ;
; LPM_DREPRESENTATION    ; UNSIGNED       ; Untyped                ;
; LPM_PIPELINE           ; 0              ; Untyped                ;
; LPM_REMAINDERPOSITIVE  ; TRUE           ; Untyped                ;
; MAXIMIZE_SPEED         ; 5              ; Untyped                ;
; CBXI_PARAMETER         ; lpm_divide_88m ; Untyped                ;
; CARRY_CHAIN            ; MANUAL         ; Untyped                ;
; OPTIMIZE_FOR_SPEED     ; 5              ; Untyped                ;
; AUTO_CARRY_CHAINS      ; ON             ; AUTO_CARRY             ;
; IGNORE_CARRY_BUFFERS   ; OFF            ; IGNORE_CARRY           ;
; AUTO_CASCADE_CHAINS    ; ON             ; AUTO_CASCADE           ;
; IGNORE_CASCADE_BUFFERS ; OFF            ; IGNORE_CASCADE         ;
+------------------------+----------------+------------------------+
Note: In order to hide this table in the UI and the text report file, please set the "Show Parameter Settings in Synthesis Report" option in "Analysis and Synthesis Settings -> More Settings" to "Off".


+------------------------------------------------------------------+
; Parameter Settings for Inferred Entity Instance: lpm_divide:Mod7 ;
+------------------------+----------------+------------------------+
; Parameter Name         ; Value          ; Type                   ;
+------------------------+----------------+------------------------+
; LPM_WIDTHN             ; 4              ; Untyped                ;
; LPM_WIDTHD             ; 3              ; Untyped                ;
; LPM_NREPRESENTATION    ; UNSIGNED       ; Untyped                ;
; LPM_DREPRESENTATION    ; UNSIGNED       ; Untyped                ;
; LPM_PIPELINE           ; 0              ; Untyped                ;
; LPM_REMAINDERPOSITIVE  ; TRUE           ; Untyped                ;
; MAXIMIZE_SPEED         ; 5              ; Untyped                ;
; CBXI_PARAMETER         ; lpm_divide_88m ; Untyped                ;
; CARRY_CHAIN            ; MANUAL         ; Untyped                ;
; OPTIMIZE_FOR_SPEED     ; 5              ; Untyped                ;
; AUTO_CARRY_CHAINS      ; ON             ; AUTO_CARRY             ;
; IGNORE_CARRY_BUFFERS   ; OFF            ; IGNORE_CARRY           ;
; AUTO_CASCADE_CHAINS    ; ON             ; AUTO_CASCADE           ;
; IGNORE_CASCADE_BUFFERS ; OFF            ; IGNORE_CASCADE         ;
+------------------------+----------------+------------------------+
Note: In order to hide this table in the UI and the text report file, please set the "Show Parameter Settings in Synthesis Report" option in "Analysis and Synthesis Settings -> More Settings" to "Off".


+------------------------------------------------------------------+
; Parameter Settings for Inferred Entity Instance: lpm_divide:Mod8 ;
+------------------------+----------------+------------------------+
; Parameter Name         ; Value          ; Type                   ;
+------------------------+----------------+------------------------+
; LPM_WIDTHN             ; 4              ; Untyped                ;
; LPM_WIDTHD             ; 3              ; Untyped                ;
; LPM_NREPRESENTATION    ; UNSIGNED       ; Untyped                ;
; LPM_DREPRESENTATION    ; UNSIGNED       ; Untyped                ;
; LPM_PIPELINE           ; 0              ; Untyped                ;
; LPM_REMAINDERPOSITIVE  ; TRUE           ; Untyped                ;
; MAXIMIZE_SPEED         ; 5              ; Untyped                ;
; CBXI_PARAMETER         ; lpm_divide_88m ; Untyped                ;
; CARRY_CHAIN            ; MANUAL         ; Untyped                ;
; OPTIMIZE_FOR_SPEED     ; 5              ; Untyped                ;
; AUTO_CARRY_CHAINS      ; ON             ; AUTO_CARRY             ;
; IGNORE_CARRY_BUFFERS   ; OFF            ; IGNORE_CARRY           ;
; AUTO_CASCADE_CHAINS    ; ON             ; AUTO_CASCADE           ;
; IGNORE_CASCADE_BUFFERS ; OFF            ; IGNORE_CASCADE         ;
+------------------------+----------------+------------------------+
Note: In order to hide this table in the UI and the text report file, please set the "Show Parameter Settings in Synthesis Report" option in "Analysis and Synthesis Settings -> More Settings" to "Off".


+------------------------------------------------------------------+
; Parameter Settings for Inferred Entity Instance: lpm_divide:Mod1 ;
+------------------------+----------------+------------------------+
; Parameter Name         ; Value          ; Type                   ;
+------------------------+----------------+------------------------+
; LPM_WIDTHN             ; 4              ; Untyped                ;
; LPM_WIDTHD             ; 2              ; Untyped                ;
; LPM_NREPRESENTATION    ; UNSIGNED       ; Untyped                ;
; LPM_DREPRESENTATION    ; UNSIGNED       ; Untyped                ;
; LPM_PIPELINE           ; 0              ; Untyped                ;
; LPM_REMAINDERPOSITIVE  ; TRUE           ; Untyped                ;
; MAXIMIZE_SPEED         ; 5              ; Untyped                ;
; CBXI_PARAMETER         ; lpm_divide_78m ; Untyped                ;
; CARRY_CHAIN            ; MANUAL         ; Untyped                ;
; OPTIMIZE_FOR_SPEED     ; 5              ; Untyped                ;
; AUTO_CARRY_CHAINS      ; ON             ; AUTO_CARRY             ;
; IGNORE_CARRY_BUFFERS   ; OFF            ; IGNORE_CARRY           ;
; AUTO_CASCADE_CHAINS    ; ON             ; AUTO_CASCADE           ;
; IGNORE_CASCADE_BUFFERS ; OFF            ; IGNORE_CASCADE         ;
+------------------------+----------------+------------------------+
Note: In order to hide this table in the UI and the text report file, please set the "Show Parameter Settings in Synthesis Report" option in "Analysis and Synthesis Settings -> More Settings" to "Off".


+------------------------------------------------------------------+
; Parameter Settings for Inferred Entity Instance: lpm_divide:Mod2 ;
+------------------------+----------------+------------------------+
; Parameter Name         ; Value          ; Type                   ;
+------------------------+----------------+------------------------+
; LPM_WIDTHN             ; 4              ; Untyped                ;
; LPM_WIDTHD             ; 2              ; Untyped                ;
; LPM_NREPRESENTATION    ; UNSIGNED       ; Untyped                ;
; LPM_DREPRESENTATION    ; UNSIGNED       ; Untyped                ;
; LPM_PIPELINE           ; 0              ; Untyped                ;
; LPM_REMAINDERPOSITIVE  ; TRUE           ; Untyped                ;
; MAXIMIZE_SPEED         ; 5              ; Untyped                ;
; CBXI_PARAMETER         ; lpm_divide_78m ; Untyped                ;
; CARRY_CHAIN            ; MANUAL         ; Untyped                ;
; OPTIMIZE_FOR_SPEED     ; 5              ; Untyped                ;
; AUTO_CARRY_CHAINS      ; ON             ; AUTO_CARRY             ;
; IGNORE_CARRY_BUFFERS   ; OFF            ; IGNORE_CARRY           ;
; AUTO_CASCADE_CHAINS    ; ON             ; AUTO_CASCADE           ;
; IGNORE_CASCADE_BUFFERS ; OFF            ; IGNORE_CASCADE         ;
+------------------------+----------------+------------------------+
Note: In order to hide this table in the UI and the text report file, please set the "Show Parameter Settings in Synthesis Report" option in "Analysis and Synthesis Settings -> More Settings" to "Off".


+------------------------------------------------------------------+
; Parameter Settings for Inferred Entity Instance: lpm_divide:Div0 ;
+------------------------+----------------+------------------------+
; Parameter Name         ; Value          ; Type                   ;
+------------------------+----------------+------------------------+
; LPM_WIDTHN             ; 4              ; Untyped                ;
; LPM_WIDTHD             ; 4              ; Untyped                ;
; LPM_NREPRESENTATION    ; UNSIGNED       ; Untyped                ;
; LPM_DREPRESENTATION    ; UNSIGNED       ; Untyped                ;
; LPM_PIPELINE           ; 0              ; Untyped                ;
; LPM_REMAINDERPOSITIVE  ; TRUE           ; Untyped                ;
; MAXIMIZE_SPEED         ; 5              ; Untyped                ;
; CBXI_PARAMETER         ; lpm_divide_6gm ; Untyped                ;
; CARRY_CHAIN            ; MANUAL         ; Untyped                ;
; OPTIMIZE_FOR_SPEED     ; 5              ; Untyped                ;
; AUTO_CARRY_CHAINS      ; ON             ; AUTO_CARRY             ;
; IGNORE_CARRY_BUFFERS   ; OFF            ; IGNORE_CARRY           ;
; AUTO_CASCADE_CHAINS    ; ON             ; AUTO_CASCADE           ;
; IGNORE_CASCADE_BUFFERS ; OFF            ; IGNORE_CASCADE         ;
+------------------------+----------------+------------------------+
Note: In order to hide this table in the UI and the text report file, please set the "Show Parameter Settings in Synthesis Report" option in "Analysis and Synthesis Settings -> More Settings" to "Off".


+------------------------------------------------------------------+
; Parameter Settings for Inferred Entity Instance: lpm_divide:Div1 ;
+------------------------+----------------+------------------------+
; Parameter Name         ; Value          ; Type                   ;
+------------------------+----------------+------------------------+
; LPM_WIDTHN             ; 4              ; Untyped                ;
; LPM_WIDTHD             ; 4              ; Untyped                ;
; LPM_NREPRESENTATION    ; UNSIGNED       ; Untyped                ;
; LPM_DREPRESENTATION    ; UNSIGNED       ; Untyped                ;
; LPM_PIPELINE           ; 0              ; Untyped                ;
; LPM_REMAINDERPOSITIVE  ; TRUE           ; Untyped                ;
; MAXIMIZE_SPEED         ; 5              ; Untyped                ;
; CBXI_PARAMETER         ; lpm_divide_6gm ; Untyped                ;
; CARRY_CHAIN            ; MANUAL         ; Untyped                ;
; OPTIMIZE_FOR_SPEED     ; 5              ; Untyped                ;
; AUTO_CARRY_CHAINS      ; ON             ; AUTO_CARRY             ;
; IGNORE_CARRY_BUFFERS   ; OFF            ; IGNORE_CARRY           ;
; AUTO_CASCADE_CHAINS    ; ON             ; AUTO_CASCADE           ;
; IGNORE_CASCADE_BUFFERS ; OFF            ; IGNORE_CASCADE         ;
+------------------------+----------------+------------------------+
Note: In order to hide this table in the UI and the text report file, please set the "Show Parameter Settings in Synthesis Report" option in "Analysis and Synthesis Settings -> More Settings" to "Off".


+-------------------------------------------------------------------+
; Parameter Settings for Inferred Entity Instance: lpm_divide:Mod11 ;
+------------------------+----------------+-------------------------+
; Parameter Name         ; Value          ; Type                    ;
+------------------------+----------------+-------------------------+
; LPM_WIDTHN             ; 4              ; Untyped                 ;
; LPM_WIDTHD             ; 4              ; Untyped                 ;
; LPM_NREPRESENTATION    ; UNSIGNED       ; Untyped                 ;
; LPM_DREPRESENTATION    ; UNSIGNED       ; Untyped                 ;
; LPM_PIPELINE           ; 0              ; Untyped                 ;
; LPM_REMAINDERPOSITIVE  ; TRUE           ; Untyped                 ;
; MAXIMIZE_SPEED         ; 5              ; Untyped                 ;
; CBXI_PARAMETER         ; lpm_divide_98m ; Untyped                 ;
; CARRY_CHAIN            ; MANUAL         ; Untyped                 ;
; OPTIMIZE_FOR_SPEED     ; 5              ; Untyped                 ;
; AUTO_CARRY_CHAINS      ; ON             ; AUTO_CARRY              ;
; IGNORE_CARRY_BUFFERS   ; OFF            ; IGNORE_CARRY            ;
; AUTO_CASCADE_CHAINS    ; ON             ; AUTO_CASCADE            ;
; IGNORE_CASCADE_BUFFERS ; OFF            ; IGNORE_CASCADE          ;
+------------------------+----------------+-------------------------+
Note: In order to hide this table in the UI and the text report file, please set the "Show Parameter Settings in Synthesis Report" option in "Analysis and Synthesis Settings -> More Settings" to "Off".


+-------------------------------------------------------------------+
; Parameter Settings for Inferred Entity Instance: lpm_divide:Mod12 ;
+------------------------+----------------+-------------------------+
; Parameter Name         ; Value          ; Type                    ;
+------------------------+----------------+-------------------------+
; LPM_WIDTHN             ; 4              ; Untyped                 ;
; LPM_WIDTHD             ; 4              ; Untyped                 ;
; LPM_NREPRESENTATION    ; UNSIGNED       ; Untyped                 ;
; LPM_DREPRESENTATION    ; UNSIGNED       ; Untyped                 ;
; LPM_PIPELINE           ; 0              ; Untyped                 ;
; LPM_REMAINDERPOSITIVE  ; TRUE           ; Untyped                 ;
; MAXIMIZE_SPEED         ; 5              ; Untyped                 ;
; CBXI_PARAMETER         ; lpm_divide_98m ; Untyped                 ;
; CARRY_CHAIN            ; MANUAL         ; Untyped                 ;
; OPTIMIZE_FOR_SPEED     ; 5              ; Untyped                 ;
; AUTO_CARRY_CHAINS      ; ON             ; AUTO_CARRY              ;
; IGNORE_CARRY_BUFFERS   ; OFF            ; IGNORE_CARRY            ;
; AUTO_CASCADE_CHAINS    ; ON             ; AUTO_CASCADE            ;
; IGNORE_CASCADE_BUFFERS ; OFF            ; IGNORE_CASCADE          ;
+------------------------+----------------+-------------------------+
Note: In order to hide this table in the UI and the text report file, please set the "Show Parameter Settings in Synthesis Report" option in "Analysis and Synthesis Settings -> More Settings" to "Off".


+------------------------------------------------------------------+
; Parameter Settings for Inferred Entity Instance: lpm_divide:Mod0 ;
+------------------------+----------------+------------------------+
; Parameter Name         ; Value          ; Type                   ;
+------------------------+----------------+------------------------+
; LPM_WIDTHN             ; 4              ; Untyped                ;
; LPM_WIDTHD             ; 4              ; Untyped                ;
; LPM_NREPRESENTATION    ; UNSIGNED       ; Untyped                ;
; LPM_DREPRESENTATION    ; UNSIGNED       ; Untyped                ;
; LPM_PIPELINE           ; 0              ; Untyped                ;
; LPM_REMAINDERPOSITIVE  ; TRUE           ; Untyped                ;
; MAXIMIZE_SPEED         ; 5              ; Untyped                ;
; CBXI_PARAMETER         ; lpm_divide_98m ; Untyped                ;
; CARRY_CHAIN            ; MANUAL         ; Untyped                ;
; OPTIMIZE_FOR_SPEED     ; 5              ; Untyped                ;
; AUTO_CARRY_CHAINS      ; ON             ; AUTO_CARRY             ;
; IGNORE_CARRY_BUFFERS   ; OFF            ; IGNORE_CARRY           ;
; AUTO_CASCADE_CHAINS    ; ON             ; AUTO_CASCADE           ;
; IGNORE_CASCADE_BUFFERS ; OFF            ; IGNORE_CASCADE         ;
+------------------------+----------------+------------------------+
Note: In order to hide this table in the UI and the text report file, please set the "Show Parameter Settings in Synthesis Report" option in "Analysis and Synthesis Settings -> More Settings" to "Off".


+-------------------------------+
; Elapsed Time Per Partition    ;
+----------------+--------------+
; Partition Name ; Elapsed Time ;
+----------------+--------------+
; Top            ; 00:00:03     ;
+----------------+--------------+


+-------------------------------+
; Analysis & Synthesis Messages ;
+-------------------------------+
Info: *******************************************************************
Info: Running Quartus II 32-bit Analysis & Synthesis
    Info: Version 13.0.1 Build 232 06/12/2013 Service Pack 1 SJ Web Edition
    Info: Copyright (C) 1991-2013 Altera Corporation. All rights reserved.
    Info: Your use of Altera Corporation's design tools, logic functions 
    Info: and other software and tools, and its AMPP partner logic 
    Info: functions, and any output files from any of the foregoing 
    Info: (including device programming or simulation files), and any 
    Info: associated documentation or information are expressly subject 
    Info: to the terms and conditions of the Altera Program License 
    Info: Subscription Agreement, Altera MegaCore Function License 
    Info: Agreement, or other applicable license agreement, including, 
    Info: without limitation, that your use is for the sole purpose of 
    Info: programming logic devices manufactured by Altera and sold by 
    Info: Altera or its authorized distributors.  Please refer to the 
    Info: applicable agreement for further details.
    Info: Processing started: Wed Dec 22 12:20:48 2021
Info: Command: quartus_map --family=CycloneIII --source=../src/synthesis/modules/stavka_f.v --source=../src/synthesis/modules/stavka_a.v stavka_f
Warning (20028): Parallel compilation is not licensed and has been disabled
Info (12021): Found 1 design units, including 1 entities, in source file /users/admin/desktop/lab2moj/src/synthesis/modules/stavka_f.v
    Info (12023): Found entity 1: stavka_f
Info (12021): Found 1 design units, including 1 entities, in source file /users/admin/desktop/lab2moj/src/synthesis/modules/stavka_a.v
    Info (12023): Found entity 1: stavka_a
Info (12127): Elaborating entity "stavka_f" for the top level hierarchy
Info (12128): Elaborating entity "stavka_a" for hierarchy "stavka_a:a0"
Info (278001): Inferred 15 megafunctions from design logic
    Info (278004): Inferred divider/modulo megafunction ("lpm_divide") from the following logic: "Mod9"
    Info (278004): Inferred divider/modulo megafunction ("lpm_divide") from the following logic: "Mod10"
    Info (278004): Inferred divider/modulo megafunction ("lpm_divide") from the following logic: "Mod3"
    Info (278004): Inferred divider/modulo megafunction ("lpm_divide") from the following logic: "Mod4"
    Info (278004): Inferred divider/modulo megafunction ("lpm_divide") from the following logic: "Mod5"
    Info (278004): Inferred divider/modulo megafunction ("lpm_divide") from the following logic: "Mod6"
    Info (278004): Inferred divider/modulo megafunction ("lpm_divide") from the following logic: "Mod7"
    Info (278004): Inferred divider/modulo megafunction ("lpm_divide") from the following logic: "Mod8"
    Info (278004): Inferred divider/modulo megafunction ("lpm_divide") from the following logic: "Mod1"
    Info (278004): Inferred divider/modulo megafunction ("lpm_divide") from the following logic: "Mod2"
    Info (278004): Inferred divider/modulo megafunction ("lpm_divide") from the following logic: "Div0"
    Info (278004): Inferred divider/modulo megafunction ("lpm_divide") from the following logic: "Div1"
    Info (278004): Inferred divider/modulo megafunction ("lpm_divide") from the following logic: "Mod11"
    Info (278004): Inferred divider/modulo megafunction ("lpm_divide") from the following logic: "Mod12"
    Info (278004): Inferred divider/modulo megafunction ("lpm_divide") from the following logic: "Mod0"
Info (12130): Elaborated megafunction instantiation "lpm_divide:Mod9"
Info (12133): Instantiated megafunction "lpm_divide:Mod9" with the following parameter:
    Info (12134): Parameter "LPM_WIDTHN" = "4"
    Info (12134): Parameter "LPM_WIDTHD" = "4"
    Info (12134): Parameter "LPM_NREPRESENTATION" = "UNSIGNED"
    Info (12134): Parameter "LPM_DREPRESENTATION" = "UNSIGNED"
Info (12021): Found 1 design units, including 1 entities, in source file db/lpm_divide_98m.tdf
    Info (12023): Found entity 1: lpm_divide_98m
Info (12021): Found 1 design units, including 1 entities, in source file db/sign_div_unsign_7kh.tdf
    Info (12023): Found entity 1: sign_div_unsign_7kh
Info (12021): Found 1 design units, including 1 entities, in source file db/alt_u_div_p2f.tdf
    Info (12023): Found entity 1: alt_u_div_p2f
Info (12021): Found 1 design units, including 1 entities, in source file db/add_sub_unc.tdf
    Info (12023): Found entity 1: add_sub_unc
Info (12021): Found 1 design units, including 1 entities, in source file db/add_sub_vnc.tdf
    Info (12023): Found entity 1: add_sub_vnc
Info (12130): Elaborated megafunction instantiation "lpm_divide:Mod3"
Info (12133): Instantiated megafunction "lpm_divide:Mod3" with the following parameter:
    Info (12134): Parameter "LPM_WIDTHN" = "4"
    Info (12134): Parameter "LPM_WIDTHD" = "3"
    Info (12134): Parameter "LPM_NREPRESENTATION" = "UNSIGNED"
    Info (12134): Parameter "LPM_DREPRESENTATION" = "UNSIGNED"
Info (12021): Found 1 design units, including 1 entities, in source file db/lpm_divide_88m.tdf
    Info (12023): Found entity 1: lpm_divide_88m
Info (12021): Found 1 design units, including 1 entities, in source file db/sign_div_unsign_6kh.tdf
    Info (12023): Found entity 1: sign_div_unsign_6kh
Info (12021): Found 1 design units, including 1 entities, in source file db/alt_u_div_n2f.tdf
    Info (12023): Found entity 1: alt_u_div_n2f
Info (12130): Elaborated megafunction instantiation "lpm_divide:Mod5"
Info (12133): Instantiated megafunction "lpm_divide:Mod5" with the following parameter:
    Info (12134): Parameter "LPM_WIDTHN" = "4"
    Info (12134): Parameter "LPM_WIDTHD" = "3"
    Info (12134): Parameter "LPM_NREPRESENTATION" = "UNSIGNED"
    Info (12134): Parameter "LPM_DREPRESENTATION" = "UNSIGNED"
Info (12130): Elaborated megafunction instantiation "lpm_divide:Mod7"
Info (12133): Instantiated megafunction "lpm_divide:Mod7" with the following parameter:
    Info (12134): Parameter "LPM_WIDTHN" = "4"
    Info (12134): Parameter "LPM_WIDTHD" = "3"
    Info (12134): Parameter "LPM_NREPRESENTATION" = "UNSIGNED"
    Info (12134): Parameter "LPM_DREPRESENTATION" = "UNSIGNED"
Info (12130): Elaborated megafunction instantiation "lpm_divide:Mod1"
Info (12133): Instantiated megafunction "lpm_divide:Mod1" with the following parameter:
    Info (12134): Parameter "LPM_WIDTHN" = "4"
    Info (12134): Parameter "LPM_WIDTHD" = "2"
    Info (12134): Parameter "LPM_NREPRESENTATION" = "UNSIGNED"
    Info (12134): Parameter "LPM_DREPRESENTATION" = "UNSIGNED"
Info (12021): Found 1 design units, including 1 entities, in source file db/lpm_divide_78m.tdf
    Info (12023): Found entity 1: lpm_divide_78m
Info (12021): Found 1 design units, including 1 entities, in source file db/sign_div_unsign_5kh.tdf
    Info (12023): Found entity 1: sign_div_unsign_5kh
Info (12021): Found 1 design units, including 1 entities, in source file db/alt_u_div_l2f.tdf
    Info (12023): Found entity 1: alt_u_div_l2f
Info (12130): Elaborated megafunction instantiation "lpm_divide:Div0"
Info (12133): Instantiated megafunction "lpm_divide:Div0" with the following parameter:
    Info (12134): Parameter "LPM_WIDTHN" = "4"
    Info (12134): Parameter "LPM_WIDTHD" = "4"
    Info (12134): Parameter "LPM_NREPRESENTATION" = "UNSIGNED"
    Info (12134): Parameter "LPM_DREPRESENTATION" = "UNSIGNED"
Info (12021): Found 1 design units, including 1 entities, in source file db/lpm_divide_6gm.tdf
    Info (12023): Found entity 1: lpm_divide_6gm
Info (12130): Elaborated megafunction instantiation "lpm_divide:Mod11"
Info (12133): Instantiated megafunction "lpm_divide:Mod11" with the following parameter:
    Info (12134): Parameter "LPM_WIDTHN" = "4"
    Info (12134): Parameter "LPM_WIDTHD" = "4"
    Info (12134): Parameter "LPM_NREPRESENTATION" = "UNSIGNED"
    Info (12134): Parameter "LPM_DREPRESENTATION" = "UNSIGNED"
Info (12130): Elaborated megafunction instantiation "lpm_divide:Mod0"
Info (12133): Instantiated megafunction "lpm_divide:Mod0" with the following parameter:
    Info (12134): Parameter "LPM_WIDTHN" = "4"
    Info (12134): Parameter "LPM_WIDTHD" = "4"
    Info (12134): Parameter "LPM_NREPRESENTATION" = "UNSIGNED"
    Info (12134): Parameter "LPM_DREPRESENTATION" = "UNSIGNED"
Info (286030): Timing-Driven Synthesis is running
Info (16010): Generating hard_block partition "hard_block:auto_generated_inst"
    Info (16011): Adding 0 node(s), including 0 DDIO, 0 PLL, 0 transceiver and 0 LCELL
Info (21057): Implemented 517 device resources after synthesis - the final resource count might be different
    Info (21058): Implemented 9 input pins
    Info (21059): Implemented 7 output pins
    Info (21061): Implemented 501 logic cells
Info: Quartus II 32-bit Analysis & Synthesis was successful. 0 errors, 1 warning
    Info: Peak virtual memory: 363 megabytes
    Info: Processing ended: Wed Dec 22 12:20:55 2021
    Info: Elapsed time: 00:00:07
    Info: Total CPU time (on all processors): 00:00:07


